06:25:48.286 [background-preinit] INFO  o.h.v.i.util.Version - [<clinit>,21] - HV000001: Hibernate Validator 6.2.5.Final
06:25:48.296 [main] INFO  c.s.ServerApplication - [logStarting,55] - Starting ServerApplication using Java 17.0.14 on bxwy with PID 68080 (D:\0.bishe\MoBan\Server-template\server-admin\target\classes started by bxwy in D:\0.bishe\MoBan\Server-template)
06:25:48.296 [main] INFO  c.s.ServerApplication - [logStartupProfileInfo,686] - The following 2 profiles are active: "dev", "druid"
06:25:50.508 [main] INFO  o.a.c.h.Http11NioProtocol - [log,173] - Initializing ProtocolHandler ["http-nio-8080"]
06:25:50.510 [main] INFO  o.a.c.c.StandardService - [log,173] - Starting service [Tomcat]
06:25:50.510 [main] INFO  o.a.c.c.StandardEngine - [log,173] - Starting Servlet engine: [Apache Tomcat/9.0.102]
06:25:50.674 [main] INFO  o.a.c.c.C.[.[.[/] - [log,173] - Initializing Spring embedded WebApplicationContext
06:25:51.726 [main] INFO  c.a.d.p.DruidDataSource - [init,1002] - {dataSource-1} inited
06:25:53.689 [main] INFO  o.q.i.StdSchedulerFactory - [instantiate,1220] - Using default implementation for ThreadExecutor
06:25:53.702 [main] INFO  o.q.c.SchedulerSignalerImpl - [<init>,61] - Initialized Scheduler Signaller of type: class org.quartz.core.SchedulerSignalerImpl
06:25:53.702 [main] INFO  o.q.c.QuartzScheduler - [<init>,229] - Quartz Scheduler v.2.3.2 created.
06:25:53.703 [main] INFO  o.q.s.RAMJobStore - [initialize,155] - RAMJobStore initialized.
06:25:53.705 [main] INFO  o.q.c.QuartzScheduler - [initialize,294] - Scheduler meta-data: Quartz Scheduler (v2.3.2) 'quartzScheduler' with instanceId 'NON_CLUSTERED'
  Scheduler class: 'org.quartz.core.QuartzScheduler' - running locally.
  NOT STARTED.
  Currently in standby mode.
  Number of jobs executed: 0
  Using thread pool 'org.quartz.simpl.SimpleThreadPool' - with 10 threads.
  Using job-store 'org.quartz.simpl.RAMJobStore' - which does not support persistence. and is not clustered.

06:25:53.705 [main] INFO  o.q.i.StdSchedulerFactory - [instantiate,1374] - Quartz scheduler 'quartzScheduler' initialized from an externally provided properties instance.
06:25:53.705 [main] INFO  o.q.i.StdSchedulerFactory - [instantiate,1378] - Quartz scheduler version: 2.3.2
06:25:53.705 [main] INFO  o.q.c.QuartzScheduler - [setJobFactory,2293] - JobFactory set to: org.springframework.scheduling.quartz.SpringBeanJobFactory@72b60be8
06:25:55.061 [main] INFO  o.a.c.h.Http11NioProtocol - [log,173] - Starting ProtocolHandler ["http-nio-8080"]
06:25:55.549 [main] INFO  o.q.c.QuartzScheduler - [start,547] - Scheduler quartzScheduler_$_NON_CLUSTERED started.
06:25:55.557 [main] INFO  c.s.ServerApplication - [logStarted,61] - Started ServerApplication in 7.645 seconds (JVM running for 8.744)
06:25:58.416 [SpringApplicationShutdownHook] INFO  o.q.c.QuartzScheduler - [standby,585] - Scheduler quartzScheduler_$_NON_CLUSTERED paused.
